D, [2017-09-26T11:06:57.171236 #3200] DEBUG -- :   [1m[35m (0.1ms)[0m  [1m[34mSELECT sqlite_version(*)[0m
D, [2017-09-26T11:06:57.172793 #3200] DEBUG -- :   [1m[35m (1.3ms)[0m  [1m[35mCREATE TABLE "schema_migrations" ("version" varchar NOT NULL PRIMARY KEY)[0m
D, [2017-09-26T11:06:57.180369 #3200] DEBUG -- :   [1m[35m (5.9ms)[0m  [1m[35mCREATE TABLE "ar_internal_metadata" ("key" varchar NOT NULL PRIMARY KEY, "value" varchar, "created_at" datetime NOT NULL, "updated_at" datetime NOT NULL)[0m
D, [2017-09-26T11:06:57.188976 #3200] DEBUG -- :   [1m[35m (0.1ms)[0m  [1m[34mSELECT "schema_migrations"."version" FROM "schema_migrations" ORDER BY "schema_migrations"."version" ASC[0m
I, [2017-09-26T11:06:57.189066 #3200]  INFO -- : Migrating to AddColumn (20170926015725)
D, [2017-09-26T11:06:57.190422 #3200] DEBUG -- :   [1m[35m (0.0ms)[0m  [1m[36mbegin transaction[0m
D, [2017-09-26T11:06:57.191028 #3200] DEBUG -- :   [1m[35m (0.2ms)[0m  [1m[35mALTER TABLE "users" ADD "password_confirmation" varchar[0m
D, [2017-09-26T11:06:57.191195 #3200] DEBUG -- :   [1m[35m (0.0ms)[0m  [1m[31mrollback transaction[0m
D, [2017-09-26T11:07:48.109294 #3216] DEBUG -- :   [1m[35m (0.1ms)[0m  [1m[34mSELECT "schema_migrations"."version" FROM "schema_migrations" ORDER BY "schema_migrations"."version" ASC[0m
I, [2017-09-26T11:07:48.109418 #3216]  INFO -- : Migrating to AddColumn (20170926015725)
D, [2017-09-26T11:07:48.110815 #3216] DEBUG -- :   [1m[35m (0.0ms)[0m  [1m[36mbegin transaction[0m
D, [2017-09-26T11:07:48.111412 #3216] DEBUG -- :   [1m[35m (0.2ms)[0m  [1m[35mALTER TABLE "users" ADD "password_confirmation" varchar[0m
D, [2017-09-26T11:07:48.111572 #3216] DEBUG -- :   [1m[35m (0.0ms)[0m  [1m[31mrollback transaction[0m
D, [2017-09-26T11:09:37.976276 #3247] DEBUG -- :   [1m[35m (0.1ms)[0m  [1m[34mSELECT "schema_migrations"."version" FROM "schema_migrations" ORDER BY "schema_migrations"."version" ASC[0m
I, [2017-09-26T11:09:37.976404 #3247]  INFO -- : Migrating to AddColumn (20170926015725)
D, [2017-09-26T11:09:37.977785 #3247] DEBUG -- :   [1m[35m (0.0ms)[0m  [1m[36mbegin transaction[0m
D, [2017-09-26T11:09:37.978339 #3247] DEBUG -- :   [1m[35m (0.2ms)[0m  [1m[35mALTER TABLE "users" ADD "password_confirmation" varchar[0m
D, [2017-09-26T11:09:37.978493 #3247] DEBUG -- :   [1m[35m (0.0ms)[0m  [1m[31mrollback transaction[0m
D, [2017-09-26T11:13:03.292563 #3309] DEBUG -- :   [1m[35m (0.2ms)[0m  [1m[34mSELECT "schema_migrations"."version" FROM "schema_migrations" ORDER BY "schema_migrations"."version" ASC[0m
I, [2017-09-26T11:13:03.292710 #3309]  INFO -- : Migrating to AddColumn (20170926015725)
D, [2017-09-26T11:13:03.294457 #3309] DEBUG -- :   [1m[35m (0.1ms)[0m  [1m[36mbegin transaction[0m
D, [2017-09-26T11:13:03.295215 #3309] DEBUG -- :   [1m[35m (0.3ms)[0m  [1m[35mALTER TABLE "users" ADD "password_confirmation" varchar[0m
D, [2017-09-26T11:13:03.295454 #3309] DEBUG -- :   [1m[35m (0.1ms)[0m  [1m[31mrollback transaction[0m
D, [2017-09-26T11:14:38.685288 #3359] DEBUG -- :   [1m[35m (0.1ms)[0m  [1m[34mSELECT "schema_migrations"."version" FROM "schema_migrations" ORDER BY "schema_migrations"."version" ASC[0m
I, [2017-09-26T11:14:38.685416 #3359]  INFO -- : Migrating to CreateUsers (20170926020831)
D, [2017-09-26T11:14:38.686830 #3359] DEBUG -- :   [1m[35m (0.0ms)[0m  [1m[36mbegin transaction[0m
D, [2017-09-26T11:14:38.687464 #3359] DEBUG -- :   [1m[35m (0.1ms)[0m  [1m[34mSELECT sqlite_version(*)[0m
D, [2017-09-26T11:14:38.687933 #3359] DEBUG -- :   [1m[35m (0.4ms)[0m  [1m[35mCREATE TABLE "users" ("id" INTEGER PRIMARY KEY AUTOINCREMENT NOT NULL, "name" varchar, "email" varchar, "password" varchar, "created_at" datetime NOT NULL, "updated_at" datetime NOT NULL)[0m
D, [2017-09-26T11:14:38.690130 #3359] DEBUG -- :   [1m[35mSQL (0.1ms)[0m  [1m[32mINSERT INTO "schema_migrations" ("version") VALUES (?)[0m  [["version", "20170926020831"]]
D, [2017-09-26T11:14:38.691628 #3359] DEBUG -- :   [1m[35m (1.3ms)[0m  [1m[36mcommit transaction[0m
I, [2017-09-26T11:14:38.691723 #3359]  INFO -- : Migrating to AddIndexToUsersEmail (20170926021735)
D, [2017-09-26T11:14:38.692116 #3359] DEBUG -- :   [1m[35m (0.0ms)[0m  [1m[36mbegin transaction[0m
D, [2017-09-26T11:14:38.693049 #3359] DEBUG -- :   [1m[35mSQL (0.2ms)[0m  [1m[32mINSERT INTO "schema_migrations" ("version") VALUES (?)[0m  [["version", "20170926021735"]]
D, [2017-09-26T11:14:38.694105 #3359] DEBUG -- :   [1m[35m (0.9ms)[0m  [1m[36mcommit transaction[0m
I, [2017-09-26T11:14:38.694180 #3359]  INFO -- : Migrating to AddPasswordDigestToUsers (20170926021910)
D, [2017-09-26T11:14:38.694572 #3359] DEBUG -- :   [1m[35m (0.0ms)[0m  [1m[36mbegin transaction[0m
D, [2017-09-26T11:14:38.695187 #3359] DEBUG -- :   [1m[35m (0.3ms)[0m  [1m[35mALTER TABLE "users" ADD "password_digest" varchar[0m
D, [2017-09-26T11:14:38.695989 #3359] DEBUG -- :   [1m[35mSQL (0.1ms)[0m  [1m[32mINSERT INTO "schema_migrations" ("version") VALUES (?)[0m  [["version", "20170926021910"]]
D, [2017-09-26T11:14:38.697078 #3359] DEBUG -- :   [1m[35m (0.9ms)[0m  [1m[36mcommit transaction[0m
D, [2017-09-26T11:14:38.698494 #3359] DEBUG -- :   [1m[36mActiveRecord::InternalMetadata Load (0.1ms)[0m  [1m[34mSELECT  "ar_internal_metadata".* FROM "ar_internal_metadata" WHERE "ar_internal_metadata"."key" = ? LIMIT ?[0m  [["key", "environment"], ["LIMIT", 1]]
D, [2017-09-26T11:14:38.702497 #3359] DEBUG -- :   [1m[35m (0.1ms)[0m  [1m[36mbegin transaction[0m
D, [2017-09-26T11:14:38.703645 #3359] DEBUG -- :   [1m[35mSQL (0.3ms)[0m  [1m[32mINSERT INTO "ar_internal_metadata" ("key", "value", "created_at", "updated_at") VALUES (?, ?, ?, ?)[0m  [["key", "environment"], ["value", "production"], ["created_at", "2017-09-26 03:14:38.702724"], ["updated_at", "2017-09-26 03:14:38.702724"]]
D, [2017-09-26T11:14:38.705041 #3359] DEBUG -- :   [1m[35m (1.2ms)[0m  [1m[36mcommit transaction[0m
